<component name="libraryTable">
  <library name="junit-jupiter-5.4.2">
    <CLASSES>
      <root url="jar://$PROJECT_DIR$/lib/junit-jupiter-5.4.2.jar!/" />
    </CLASSES>
    <JAVADOC />
    <SOURCES />
    <jarDirectory url="jar://$PROJECT_DIR$/lib/junit-jupiter-5.4.2.jar!/" recursive="false" />
  </library>
</component>